{"total": {"lines":{"total":327,"covered":317,"skipped":0,"pct":96.94},"statements":{"total":346,"covered":326,"skipped":0,"pct":94.21},"functions":{"total":89,"covered":79,"skipped":0,"pct":88.76},"branches":{"total":175,"covered":158,"skipped":0,"pct":90.28},"branchesTrue":{"total":0,"covered":0,"skipped":0,"pct":100}}
,"/home/runner/work/mini-mealie/mini-mealie/utils/activity.ts": {"lines":{"total":6,"covered":6,"skipped":0,"pct":100},"functions":{"total":8,"covered":8,"skipped":0,"pct":100},"statements":{"total":6,"covered":6,"skipped":0,"pct":100},"branches":{"total":2,"covered":2,"skipped":0,"pct":100}}
,"/home/runner/work/mini-mealie/mini-mealie/utils/badge.ts": {"lines":{"total":21,"covered":20,"skipped":0,"pct":95.23},"functions":{"total":5,"covered":5,"skipped":0,"pct":100},"statements":{"total":24,"covered":21,"skipped":0,"pct":87.5},"branches":{"total":12,"covered":8,"skipped":0,"pct":66.66}}
,"/home/runner/work/mini-mealie/mini-mealie/utils/contextMenu.ts": {"lines":{"total":77,"covered":69,"skipped":0,"pct":89.61},"functions":{"total":22,"covered":19,"skipped":0,"pct":86.36},"statements":{"total":85,"covered":74,"skipped":0,"pct":87.05},"branches":{"total":37,"covered":31,"skipped":0,"pct":83.78}}
,"/home/runner/work/mini-mealie/mini-mealie/utils/invoke.ts": {"lines":{"total":0,"covered":0,"skipped":0,"pct":0},"functions":{"total":3,"covered":3,"skipped":0,"pct":0},"statements":{"total":0,"covered":0,"skipped":0,"pct":0},"branches":{"total":0,"covered":0,"skipped":0,"pct":0}}
,"/home/runner/work/mini-mealie/mini-mealie/utils/logging.ts": {"lines":{"total":61,"covered":61,"skipped":0,"pct":100},"functions":{"total":15,"covered":14,"skipped":0,"pct":93.33},"statements":{"total":62,"covered":61,"skipped":0,"pct":98.38},"branches":{"total":43,"covered":42,"skipped":0,"pct":97.67}}
,"/home/runner/work/mini-mealie/mini-mealie/utils/network.ts": {"lines":{"total":150,"covered":149,"skipped":0,"pct":99.33},"functions":{"total":17,"covered":13,"skipped":0,"pct":76.47},"statements":{"total":157,"covered":152,"skipped":0,"pct":96.81},"branches":{"total":79,"covered":73,"skipped":0,"pct":92.4}}
,"/home/runner/work/mini-mealie/mini-mealie/utils/storage.ts": {"lines":{"total":8,"covered":8,"skipped":0,"pct":100},"functions":{"total":18,"covered":16,"skipped":0,"pct":88.88},"statements":{"total":8,"covered":8,"skipped":0,"pct":100},"branches":{"total":0,"covered":0,"skipped":0,"pct":100}}
,"/home/runner/work/mini-mealie/mini-mealie/utils/types/storageTypes.ts": {"lines":{"total":4,"covered":4,"skipped":0,"pct":100},"functions":{"total":1,"covered":1,"skipped":0,"pct":100},"statements":{"total":4,"covered":4,"skipped":0,"pct":100},"branches":{"total":2,"covered":2,"skipped":0,"pct":100}}
}
